This is pdfTeX, Version 3.141592653-2.6-1.40.22 (TeX Live 2021 - Flatpak) (preloaded format=pdflatex 2021.10.11)  16 NOV 2021 12:12
entering extended mode
 restricted \write18 enabled.
 %&-line parsing enabled.
**rapport.tex
(./rapport.tex
LaTeX2e <2020-10-01> patch level 4
L3 programming layer <2021-02-18>
(/app/texlive/texmf-dist/tex/latex/base/article.cls
Document Class: article 2020/04/10 v1.4m Standard LaTeX document class
(/app/texlive/texmf-dist/tex/latex/base/size12.clo
File: size12.clo 2020/04/10 v1.4m Standard LaTeX file (size option)
)
\c@part=\count179
\c@section=\count180
\c@subsection=\count181
\c@subsubsection=\count182
\c@paragraph=\count183
\c@subparagraph=\count184
\c@figure=\count185
\c@table=\count186
\abovecaptionskip=\skip47
\belowcaptionskip=\skip48
\bibindent=\dimen138
)
(/app/texlive/texmf-dist/tex/latex/graphics/graphicx.sty
Package: graphicx 2020/09/09 v1.2b Enhanced LaTeX Graphics (DPC,SPQR)

(/app/texlive/texmf-dist/tex/latex/graphics/keyval.sty
Package: keyval 2014/10/28 v1.15 key=value parser (DPC)
\KV@toks@=\toks15
)
(/app/texlive/texmf-dist/tex/latex/graphics/graphics.sty
Package: graphics 2020/08/30 v1.4c Standard LaTeX Graphics (DPC,SPQR)

(/app/texlive/texmf-dist/tex/latex/graphics/trig.sty
Package: trig 2016/01/03 v1.10 sin cos tan (DPC)
)
(/app/texlive/texmf-dist/tex/latex/graphics-cfg/graphics.cfg
File: graphics.cfg 2016/06/04 v1.11 sample graphics configuration
)
Package graphics Info: Driver file: pdftex.def on input line 105.

(/app/texlive/texmf-dist/tex/latex/graphics-def/pdftex.def
File: pdftex.def 2020/10/05 v1.2a Graphics/color driver for pdftex
))
\Gin@req@height=\dimen139
\Gin@req@width=\dimen140
)
(/app/texlive/texmf-dist/tex/latex/placeins/placeins.sty
Package: placeins 2005/04/18  v 2.2
)
(/app/texlive/texmf-dist/tex/latex/listings/listings.sty
\lst@mode=\count187
\lst@gtempboxa=\box47
\lst@token=\toks16
\lst@length=\count188
\lst@currlwidth=\dimen141
\lst@column=\count189
\lst@pos=\count190
\lst@lostspace=\dimen142
\lst@width=\dimen143
\lst@newlines=\count191
\lst@lineno=\count192
\lst@maxwidth=\dimen144

(/app/texlive/texmf-dist/tex/latex/listings/lstmisc.sty
File: lstmisc.sty 2020/03/24 1.8d (Carsten Heinz)
\c@lstnumber=\count193
\lst@skipnumbers=\count194
\lst@framebox=\box48
)
(/app/texlive/texmf-dist/tex/latex/listings/listings.cfg
File: listings.cfg 2020/03/24 1.8d listings configuration
))
Package: listings 2020/03/24 1.8d (Carsten Heinz)
\@indexfile=\write3
\openout3 = `rapport.idx'.


Writing index file rapport.idx
(/app/texlive/texmf-dist/tex/latex/l3backend/l3backend-pdftex.def
File: l3backend-pdftex.def 2021-03-18 L3 backend support: PDF output (pdfTeX)
\l__color_backend_stack_int=\count195
\l__pdf_internal_box=\box49
)
(./rapport.aux)
\openout1 = `rapport.aux'.

LaTeX Font Info:    Checking defaults for OML/cmm/m/it on input line 8.
LaTeX Font Info:    ... okay on input line 8.
LaTeX Font Info:    Checking defaults for OMS/cmsy/m/n on input line 8.
LaTeX Font Info:    ... okay on input line 8.
LaTeX Font Info:    Checking defaults for OT1/cmr/m/n on input line 8.
LaTeX Font Info:    ... okay on input line 8.
LaTeX Font Info:    Checking defaults for T1/cmr/m/n on input line 8.
LaTeX Font Info:    ... okay on input line 8.
LaTeX Font Info:    Checking defaults for TS1/cmr/m/n on input line 8.
LaTeX Font Info:    ... okay on input line 8.
LaTeX Font Info:    Checking defaults for OMX/cmex/m/n on input line 8.
LaTeX Font Info:    ... okay on input line 8.
LaTeX Font Info:    Checking defaults for U/cmr/m/n on input line 8.
LaTeX Font Info:    ... okay on input line 8.
 (/app/texlive/texmf-dist/tex/context/base/mkii/supp-pdf.mkii
[Loading MPS to PDF converter (version 2006.09.02).]
\scratchcounter=\count196
\scratchdimen=\dimen145
\scratchbox=\box50
\nofMPsegments=\count197
\nofMParguments=\count198
\everyMPshowfont=\toks17
\MPscratchCnt=\count199
\MPscratchDim=\dimen146
\MPnumerator=\count266
\makeMPintoPDFobject=\count267
\everyMPtoPDFconversion=\toks18
) (/app/texlive/texmf-dist/tex/latex/epstopdf-pkg/epstopdf-base.sty
Package: epstopdf-base 2020-01-24 v2.11 Base part for package epstopdf
Package epstopdf-base Info: Redefining graphics rule for `.eps' on input line 4
85.

(/app/texlive/texmf-dist/tex/latex/latexconfig/epstopdf-sys.cfg
File: epstopdf-sys.cfg 2010/07/13 v1.3 Configuration of (r)epstopdf for TeX Liv
e
))
\c@lstlisting=\count268
<~/templates//logopopo.png, id=1, 1204.5pt x 766.865pt>
File: ~/templates//logopopo.png Graphic file (type png)
<use ~/templates//logopopo.png>
Package pdftex.def Info: ~/templates//logopopo.png  used on input line 10.
(pdftex.def)             Requested size: 113.81102pt x 72.45508pt.
<~/templates//univlille.png, id=3, 389.455pt x 130.4875pt>
File: ~/templates//univlille.png Graphic file (type png)
<use ~/templates//univlille.png>
Package pdftex.def Info: ~/templates//univlille.png  used on input line 12.
(pdftex.def)             Requested size: 170.71652pt x 57.19763pt.
 [1

{/app/texlive/texmf-dist/fonts/map/pdftex/updmap/pdftex.map} </home/maxence/tem
plates//logopopo.png> </home/maxence/templates//univlille.png>] (./rapport.toc
LaTeX Font Info:    External font `cmex10' loaded for size
(Font)              <12> on input line 4.
LaTeX Font Info:    External font `cmex10' loaded for size
(Font)              <8> on input line 4.
LaTeX Font Info:    External font `cmex10' loaded for size
(Font)              <6> on input line 4.
)
\tf@toc=\write4
\openout4 = `rapport.toc'.

 [1]
<../images//SchemaArchiRLI.png, id=16, 2097.8375pt x 1233.60875pt>
File: ../images//SchemaArchiRLI.png Graphic file (type png)
<use ../images//SchemaArchiRLI.png>
Package pdftex.def Info: ../images//SchemaArchiRLI.png  used on input line 34.
(pdftex.def)             Requested size: 398.33858pt x 234.2375pt.

Overfull \hbox (8.33858pt too wide) in paragraph at lines 34--35
 [][] 
 []


Underfull \hbox (badness 10000) in paragraph at lines 40--41

 []


Underfull \hbox (badness 10000) in paragraph at lines 69--70

 []

[2 <../images//SchemaArchiRLI.png>]
Overfull \hbox (3.48776pt too wide) in paragraph at lines 96--96
[]\OT1/cmr/bx/n/17.28 Etude de la com-mu-ni-ca-tion Mod-bus/RS485 
 []

LaTeX Font Info:    Trying to load font information for OMS+cmr on input line 1
02.
(/app/texlive/texmf-dist/tex/latex/base/omscmr.fd
File: omscmr.fd 2019/12/16 v2.5j Standard LaTeX font definitions
)
LaTeX Font Info:    Font shape `OMS/cmr/m/n' in size <12> not available
(Font)              Font shape `OMS/cmsy/m/n' tried instead on input line 102.
LaTeX Font Info:    Trying to load font information for OML+cmr on input line 1
04.

(/app/texlive/texmf-dist/tex/latex/base/omlcmr.fd
File: omlcmr.fd 2019/12/16 v2.5j Standard LaTeX font definitions
)
LaTeX Font Info:    Font shape `OML/cmr/m/n' in size <12> not available
(Font)              Font shape `OML/cmm/m/it' tried instead on input line 104.

Overfull \hbox (0.42233pt too wide) in paragraph at lines 122--123
\OT1/cmr/m/n/12 as-soci^^See, pour cela, il suf-fit de lire sur l'appareil les 
valeurs des po-ten-tiom^^Retres.
 []


Underfull \hbox (badness 10000) in paragraph at lines 122--123

 []

[3]
Underfull \hbox (badness 10000) in paragraph at lines 124--125

 []


Overfull \hbox (7.45743pt too wide) in paragraph at lines 128--145
 [] 
 []

[4]
<../images//automatisation.png, id=30, 1016.29688pt x 509.65407pt>
File: ../images//automatisation.png Graphic file (type png)
<use ../images//automatisation.png>
Package pdftex.def Info: ../images//automatisation.png  used on input line 159.

(pdftex.def)             Requested size: 455.24408pt x 228.29236pt.

Overfull \hbox (65.24408pt too wide) in paragraph at lines 159--160
 [][] 
 []

[5 <../images//automatisation.png>] (./rapport.aux) ) 
Here is how much of TeX's memory you used:
 2893 strings out of 478994
 40671 string characters out of 5859688
 342252 words of memory out of 5000000
 20381 multiletter control sequences out of 15000+600000
 408021 words of font info for 42 fonts, out of 8000000 for 9000
 1141 hyphenation exceptions out of 8191
 68i,8n,74p,230b,1314s stack positions out of 5000i,500n,10000p,200000b,80000s
{/app/texlive/texmf-dist/f
onts/enc/dvips/cm-super/cm-super-ts1.enc}</app/texlive/texmf-dist/fonts/type1/p
ublic/amsfonts/cm/cmbx12.pfb></app/texlive/texmf-dist/fonts/type1/public/amsfon
ts/cm/cmmi12.pfb></app/texlive/texmf-dist/fonts/type1/public/amsfonts/cm/cmr12.
pfb></app/texlive/texmf-dist/fonts/type1/public/amsfonts/cm/cmsy10.pfb></app/te
xlive/texmf-dist/fonts/type1/public/cm-super/sfrm1200.pfb>
Output written on rapport.pdf (6 pages, 171170 bytes).
PDF statistics:
 53 PDF objects out of 1000 (max. 8388607)
 31 compressed objects within 1 object stream
 0 named destinations out of 1000 (max. 500000)
 21 words of extra memory for PDF output out of 10000 (max. 10000000)

